<?xml version="1.0" encoding="UTF-8"?>
<!-- Generated by org.testng.reporters.JUnitReportReporter -->
<testsuite hostname="LAPTOP-KVKSTATV" failures="0" tests="1" name="com.vtiger.oppurtunities.Edit_OppurtunitiesWith_MassEditButton_NextStep" time="77.231" errors="0" timestamp="17 Dec 2018 07:42:03 GMT">
  <testcase classname="com.vtiger.oppurtunities.Edit_OppurtunitiesWith_MassEditButton_NextStep" name="Edit_OppurtunitiesWith_MassEditButton_NextStepTest" time="77.231"/>
</testsuite> <!-- com.vtiger.oppurtunities.Edit_OppurtunitiesWith_MassEditButton_NextStep -->
