<?xml version="1.0" encoding="UTF-8"?>
<!-- Generated by org.testng.reporters.JUnitReportReporter -->
<testsuite hostname="LAPTOP-KVKSTATV" failures="0" tests="1" name="com.vtiger.oppurtunities.Amount" time="70.052" errors="0" timestamp="22 Dec 2018 12:38:09 GMT">
  <testcase classname="com.vtiger.oppurtunities.Amount" name="edit_OppurtunitiesWith_MassEditButton_AmountTest" time="70.052"/>
</testsuite> <!-- com.vtiger.oppurtunities.Amount -->
