<?xml version="1.0" encoding="UTF-8"?>
<!-- Generated by org.testng.reporters.JUnitReportReporter -->
<testsuite hostname="LAPTOP-KVKSTATV" failures="0" tests="1" name="oppurtunites.Edit_OppurtunitiesWith_MassEditButton_LeadSource_Website" time="52.342" errors="0" timestamp="14 Dec 2018 07:04:18 GMT">
  <testcase classname="oppurtunites.Edit_OppurtunitiesWith_MassEditButton_LeadSource_Website" name="Edit_OppurtunitiesWith_MassEditButton_LeadSource_WebsiteTest" time="52.342"/>
</testsuite> <!-- oppurtunites.Edit_OppurtunitiesWith_MassEditButton_LeadSource_Website -->
