<?xml version="1.0" encoding="UTF-8"?>
<!-- Generated by org.testng.reporters.JUnitReportReporter -->
<testsuite hostname="LAPTOP-KVKSTATV" failures="0" tests="1" name="com.vtiger.oppurtunities.Edit_OppurtunitiesWith_MassEditButton_LeadSource_Website" time="74.819" errors="0" timestamp="17 Dec 2018 06:16:03 GMT">
  <testcase classname="com.vtiger.oppurtunities.Edit_OppurtunitiesWith_MassEditButton_LeadSource_Website" name="Edit_OppurtunitiesWith_MassEditButton_LeadSource_WebsiteTest" time="74.819"/>
</testsuite> <!-- com.vtiger.oppurtunities.Edit_OppurtunitiesWith_MassEditButton_LeadSource_Website -->
