<?xml version="1.0" encoding="UTF-8"?>
<!-- Generated by org.testng.reporters.JUnitReportReporter -->
<testsuite hostname="LAPTOP-KVKSTATV" failures="0" tests="5" name="com.vtiger.oppurtunities.OppurtunitiesTest" time="466.024" errors="0" timestamp="24 Dec 2018 04:43:28 GMT">
  <testcase classname="com.vtiger.oppurtunities.OppurtunitiesTest" name="Edit_OppurtunitiesWith_MassEditButton_NextStepTest" time="94.703"/>
  <testcase classname="com.vtiger.oppurtunities.OppurtunitiesTest" name="Edit_OppurtunitiesWith_MassEditButton_Type_NewBuisinessTest" time="94.935"/>
  <testcase classname="com.vtiger.oppurtunities.OppurtunitiesTest" name="edit_OppurtunitiesWith_MassEditButton_AmountTest" time="90.269"/>
  <testcase classname="com.vtiger.oppurtunities.OppurtunitiesTest" name="Edit_OppurtunitiesWith_MassEditButton_Group_SupportGroupTest" time="95.466"/>
  <testcase classname="com.vtiger.oppurtunities.OppurtunitiesTest" name="Edit_OppurtunitiesWith_MassEditButton_LeadSource_WebsiteTest" time="90.651"/>
</testsuite> <!-- com.vtiger.oppurtunities.OppurtunitiesTest -->
