<?xml version="1.0" encoding="UTF-8"?>
<!-- Generated by org.testng.reporters.JUnitReportReporter -->
<testsuite hostname="LAPTOP-KVKSTATV" failures="0" tests="1" name="oppurtunites.EndtoEndTest" time="96.894" errors="0" timestamp="14 Dec 2018 05:06:06 GMT">
  <testcase classname="oppurtunites.EndtoEndTest" name="EndtoEnd1Test" time="96.894"/>
</testsuite> <!-- oppurtunites.EndtoEndTest -->
