<?xml version="1.0" encoding="UTF-8"?>
<!-- Generated by org.testng.reporters.JUnitReportReporter -->
<testsuite hostname="LAPTOP-KVKSTATV" failures="0" tests="1" name="oppurtunites.Edit_OppurtunitiesWith_MassEditButton_Group_SupportGroup" time="74.791" errors="0" timestamp="14 Dec 2018 07:02:48 GMT">
  <testcase classname="oppurtunites.Edit_OppurtunitiesWith_MassEditButton_Group_SupportGroup" name="Edit_OppurtunitiesWith_MassEditButton_Group_SupportGroupTest" time="74.791"/>
</testsuite> <!-- oppurtunites.Edit_OppurtunitiesWith_MassEditButton_Group_SupportGroup -->
