<?xml version="1.0" encoding="UTF-8"?>
<!-- Generated by org.testng.reporters.JUnitReportReporter -->
<testsuite hostname="LAPTOP-KVKSTATV" failures="0" tests="1" name="oppurtunites.Edit_OppurtunitiesWith_MassEditButton_NextStep" time="43.409" errors="0" timestamp="14 Dec 2018 07:05:26 GMT">
  <testcase classname="oppurtunites.Edit_OppurtunitiesWith_MassEditButton_NextStep" name="Edit_OppurtunitiesWith_MassEditButton_NextStepTest" time="43.409"/>
</testsuite> <!-- oppurtunites.Edit_OppurtunitiesWith_MassEditButton_NextStep -->
