<?xml version="1.0" encoding="UTF-8"?>
<!-- Generated by org.testng.reporters.JUnitReportReporter -->
<testsuite hostname="LAPTOP-KVKSTATV" failures="0" tests="1" name="com.vtiger.oppurtunities.EndtoEndTest" time="62.006" errors="0" timestamp="17 Dec 2018 09:26:02 GMT">
  <testcase classname="com.vtiger.oppurtunities.EndtoEndTest" name="EndtoEnd1Test" time="62.006"/>
</testsuite> <!-- com.vtiger.oppurtunities.EndtoEndTest -->
