<?xml version="1.0" encoding="UTF-8"?>
<!-- Generated by org.testng.reporters.JUnitReportReporter -->
<testsuite hostname="LAPTOP-KVKSTATV" failures="0" tests="1" name="com.vtiger.oppurtunities.Edit_OppurtunitiesWith_MassEditButton_Amount" time="73.244" errors="0" timestamp="17 Dec 2018 07:26:50 GMT">
  <testcase classname="com.vtiger.oppurtunities.Edit_OppurtunitiesWith_MassEditButton_Amount" name="edit_OppurtunitiesWith_MassEditButton_AmountTest" time="73.244"/>
</testsuite> <!-- com.vtiger.oppurtunities.Edit_OppurtunitiesWith_MassEditButton_Amount -->
