<?xml version="1.0" encoding="UTF-8"?>
<!-- Generated by org.testng.reporters.JUnitReportReporter -->
<testsuite hostname="LAPTOP-KVKSTATV" failures="0" tests="1" name="quotes.test" time="0.015" errors="0" timestamp="14 Dec 2018 16:49:10 GMT">
  <testcase classname="quotes.test" name="test1" time="0.015"/>
</testsuite> <!-- quotes.test -->
