<?xml version="1.0" encoding="UTF-8"?>
<!-- Generated by org.testng.reporters.JUnitReportReporter -->
<testsuite hostname="LAPTOP-KVKSTATV" failures="0" tests="1" name="com.vtiger.oppurtunities.Edit_OppurtunitiesWith_MassEditButton_Type_NewBuisiness" time="76.862" errors="0" timestamp="17 Dec 2018 07:40:27 GMT">
  <testcase classname="com.vtiger.oppurtunities.Edit_OppurtunitiesWith_MassEditButton_Type_NewBuisiness" name="Edit_OppurtunitiesWith_MassEditButton_Type_NewBuisinessTest" time="76.862"/>
</testsuite> <!-- com.vtiger.oppurtunities.Edit_OppurtunitiesWith_MassEditButton_Type_NewBuisiness -->
