<?xml version="1.0" encoding="UTF-8"?>
<!-- Generated by org.testng.reporters.JUnitReportReporter -->
<testsuite hostname="LAPTOP-KVKSTATV" failures="0" tests="1" name="oppurtunites.Edit_OppurtunitiesWith_MassEditButton_Type_NewBuisiness" time="62.221" errors="0" timestamp="14 Dec 2018 07:06:49 GMT">
  <testcase classname="oppurtunites.Edit_OppurtunitiesWith_MassEditButton_Type_NewBuisiness" name="Edit_OppurtunitiesWith_MassEditButton_Type_NewBuisinessTest" time="62.221"/>
</testsuite> <!-- oppurtunites.Edit_OppurtunitiesWith_MassEditButton_Type_NewBuisiness -->
