<?xml version="1.0" encoding="UTF-8"?>
<!-- Generated by org.testng.reporters.JUnitReportReporter -->
<testsuite hostname="LAPTOP-KVKSTATV" failures="0" tests="1" name="com.vtiger.oppurtunities.Edit_OppurtunitiesWith_MassEditButton_Group_SupportGroup" time="87.640" errors="0" timestamp="17 Dec 2018 06:13:31 GMT">
  <testcase classname="com.vtiger.oppurtunities.Edit_OppurtunitiesWith_MassEditButton_Group_SupportGroup" name="Edit_OppurtunitiesWith_MassEditButton_Group_SupportGroupTest" time="87.640"/>
</testsuite> <!-- com.vtiger.oppurtunities.Edit_OppurtunitiesWith_MassEditButton_Group_SupportGroup -->
