<?xml version="1.0" encoding="UTF-8"?>
<!-- Generated by org.testng.reporters.JUnitXMLReporter -->
<testsuite hostname="LAPTOP-KVKSTATV" failures="0" tests="3" name="Test-r2" time="191.49" errors="0" timestamp="16 Dec 2018 17:03:24 GMT">
  <testcase classname="com.vtiger.oppurtunities.Edit_OppurtunitiesWith_MassEditButton_Type_NewBuisiness" name="Edit_OppurtunitiesWith_MassEditButton_Type_NewBuisinessTest" time="44.832"/>
  <testcase classname="com.vtiger.oppurtunities.Edit_OppurtunitiesWith_MassEditButton_Amount" name="edit_OppurtunitiesWith_MassEditButton_AmountTest" time="47.345"/>
  <testcase classname="com.vtiger.oppurtunities.Edit_OppurtunitiesWith_MassEditButton_Group_SupportGroup" name="Edit_OppurtunitiesWith_MassEditButton_Group_SupportGroupTest" time="49.476"/>
</testsuite> <!-- Test-r2 -->
